<?xml version="1.0" encoding="UTF-8"?>
<!-- Generated by org.testng.reporters.JUnitReportReporter -->
<testsuite hostname="EN1710017" failures="0" tests="4" name="testNG.testNG1HomeLoan" time="0.009" errors="0" timestamp="14 Aug 2019 14:45:52 GMT" skipped="0">
  <testcase classname="testNG.testNG1HomeLoan" name="TestMethod2" time="0.002"/>
  <testcase classname="testNG.testNG1HomeLoan" name="Mobile1" time="0.001"/>
  <testcase classname="testNG.testNG1HomeLoan" name="Mobile2" time="0.005"/>
  <testcase classname="testNG.testNG1HomeLoan" name="TestMethod1" time="0.001"/>
</testsuite> <!-- testNG.testNG1HomeLoan -->
