<?xml version="1.0" encoding="UTF-8"?>
<!-- Generated by org.testng.reporters.JUnitReportReporter -->
<testsuite hostname="EN1710017" failures="0" tests="5" name="testNG.testNGCarLoan" time="0.009" errors="0" timestamp="14 Aug 2019 14:45:52 GMT" skipped="1">
  <testcase classname="testNG.testNGCarLoan" name="Second" time="0.000"/>
  <testcase classname="testNG.testNGCarLoan" name="hello" time="0.001"/>
  <testcase classname="testNG.testNGCarLoan" name="timeout" time="0.008"/>
  <testcase classname="testNG.testNGCarLoan" name="TryingAgain" time="0.000"/>
  <testcase classname="testNG.testNGCarLoan" name="disabled">
    <skipped/>
  </testcase> <!-- disabled -->
</testsuite> <!-- testNG.testNGCarLoan -->
